<?xml version="1.0" encoding="UTF-8"?>
<!-- Generated by org.testng.reporters.JUnitReportReporter -->
<testsuite skipped="0" hostname="DESKTOP-I88LLNL" name="com.training.sanity.tests.ForgottenPasswordTest" tests="1" failures="0" timestamp="21 Jun 2019 17:22:49 GMT" time="19.176" errors="0">
  <testcase name="validLoginTest" time="19.176" classname="com.training.sanity.tests.ForgottenPasswordTest"/>
</testsuite> <!-- com.training.sanity.tests.ForgottenPasswordTest -->
