<?xml version="1.0" encoding="UTF-8"?>
<!-- Generated by org.testng.reporters.JUnitReportReporter -->
<testsuite skipped="0" hostname="DESKTOP-I88LLNL" name="com.training.sanity.tests.LoginTests" tests="1" failures="0" timestamp="25 Jun 2019 07:49:03 GMT" time="12.008" errors="0">
  <testcase name="validLoginTest" time="12.008" classname="com.training.sanity.tests.LoginTests"/>
</testsuite> <!-- com.training.sanity.tests.LoginTests -->
