<?xml version="1.0" encoding="UTF-8"?>
<!-- Generated by org.testng.reporters.JUnitReportReporter -->
<testsuite skipped="0" hostname="DESKTOP-I88LLNL" name="com.training.sanity.tests.AdminAddProductTest" tests="1" failures="0" timestamp="05 Jul 2019 17:18:09 GMT" time="20.700" errors="0">
  <testcase name="AdminAddProduct" time="20.700" classname="com.training.sanity.tests.AdminAddProductTest"/>
</testsuite> <!-- com.training.sanity.tests.AdminAddProductTest -->
